Sun 16:43: PROGRESS: MaxCompiler version: 2015.2
Sun 16:43: PROGRESS: Build "Vectors" start time: Sun Dec 20 16:43:05 UTC 2020
Sun 16:43: PROGRESS: Main build process running as user root on host 03744159e6ab
Sun 16:43: INFO    : Loading build properties from bundled MaxCompiler_build.conf...
Sun 16:43: INFO    : Loading default build properties from /opt/MaxCompiler_build.conf
Sun 16:43: INFO    : User build properties not found in file: /root/.MaxCompiler_build_user.conf
Sun 16:43: INFO    : No user-specified external build property file has been specified.
Sun 16:43: INFO    : (Set environment variable MAXCOMPILER_BUILD_CONF_FILE to assign one)
Sun 16:43: INFO    : Loading additional parameters from MAXCOMPILER_BUILD_CONF environment variable
Sun 16:43: PROGRESS: Build location: /tmp/Vectors_MAIA_DFE_SIM
Sun 16:43: PROGRESS: Detailed build log available in "_build.log"
Sun 16:43: INFO    : Created build manager Vectors (Vectors_MAIA_DFE_SIM Sun Dec 20 16:43:05 UTC 2020). (16:43:05 20/12/20)
Sun 16:43: INFO    : Working in dir: /tmp/Vectors_MAIA_DFE_SIM
Sun 16:43: INFO    : Java class path (2 paths):
Sun 16:43: INFO    : 	/home/ml12152/WebIDE-Projects/MovingAverage/RunRules/Simulation/dist/bin
Sun 16:43: INFO    : 	/opt/maxcompiler/lib/MaxCompiler.jar
Sun 16:43: INFO    : Java process started by 'main' method in class 'vectors.VectorsManager'.
Sun 16:43: INFO    : build.arbitrated_core_cache parameter is blank, not using core-cache
Sun 16:43: INFO    : Checking license files in directory: /opt/maxcompiler//licenses
Sun 16:43: INFO    : All license signatures valid.
Sun 16:43: PROGRESS: Instantiating manager
Sun 16:43: PROGRESS: Instantiating kernel "VectorsKernel"
Sun 16:43: INFO    : Backing-up source-files (old source files in build directory will be removed first)...
Sun 16:43: INFO    : Source directories: src
Sun 16:43: INFO    : Not deleting directory (does not exist): src
Sun 16:43: INFO    : Copying source-files took 2.73193 ms
Sun 16:43: PROGRESS: Compiling manager (CPU I/O Only)
Sun 16:43: INFO    : Backing-up source-files (old source files in build directory will be removed first)...
Sun 16:43: INFO    : Source directories: src
Sun 16:43: INFO    : Deleting directory: src
Sun 16:43: INFO    : Copying source-files took 2.78788 ms
Sun 16:43: INFO    : Manager Configuration:
Sun 16:43: INFO    : 	ManagerConfiguration.allowNonMultipleTransitions = false                   [Init: false]
Sun 16:43: INFO    : 	ManagerConfiguration.board = MAX4848A                                      [Init: null, init: MAX4848A]
Sun 16:43: INFO    : 	ManagerConfiguration.build.buildEffort = MEDIUM                            [Init: MEDIUM]
Sun 16:43: INFO    : 	ManagerConfiguration.build.enableChipScopeInserter = false                 [Init: false]
Sun 16:43: INFO    : 	ManagerConfiguration.build.enableTimingAnalysis = true                     [Init: true]
Sun 16:43: INFO    : 	ManagerConfiguration.build.level = FULL_BUILD                              [Init: FULL_BUILD]
Sun 16:43: INFO    : 	ManagerConfiguration.build.mpprContinueAfterMeetingTiming = false          [Init: false]
Sun 16:43: INFO    : 	ManagerConfiguration.build.mpprCtMax = 1                                   [Init: 1]
Sun 16:43: INFO    : 	ManagerConfiguration.build.mpprCtMin = 1                                   [Init: 1]
Sun 16:43: INFO    : 	ManagerConfiguration.build.mpprParallelism = 1                             [Init: 1]
Sun 16:43: INFO    : 	ManagerConfiguration.build.mpprRetryMissesThrshld = 0                      [Init: 0]
Sun 16:43: INFO    : 	ManagerConfiguration.build.optGoal = BALANCED                              [Init: BALANCED]
Sun 16:43: INFO    : 	ManagerConfiguration.build.physSynthAsyncPipelining = AUTO                 [Init: AUTO]
Sun 16:43: INFO    : 	ManagerConfiguration.build.physSynthCombLogic = AUTO                       [Init: AUTO]
Sun 16:43: INFO    : 	ManagerConfiguration.build.physSynthCombLogicForArea = AUTO                [Init: AUTO]
Sun 16:43: INFO    : 	ManagerConfiguration.build.physSynthEffort = AUTO                          [Init: AUTO]
Sun 16:43: INFO    : 	ManagerConfiguration.build.physSynthRegDuplication = AUTO                  [Init: AUTO]
Sun 16:43: INFO    : 	ManagerConfiguration.build.physSynthRetiming = AUTO                        [Init: AUTO]
Sun 16:43: INFO    : 	ManagerConfiguration.build.physicalSynthesis = false                       [Init: false]
Sun 16:43: INFO    : 	ManagerConfiguration.buildTarget = DFE_SIM                                 [Init: null, init: DFE_SIM]
Sun 16:43: INFO    : 	ManagerConfiguration.debug.chipscopeCaptureDepth = 4096                    [Init: 4096]
Sun 16:43: INFO    : 	ManagerConfiguration.debug.fifoUnderOverFlowRegs = false                   [Init: false]
Sun 16:43: INFO    : 	ManagerConfiguration.debug.memCtlDebugRegs = true                          [Init: true]
Sun 16:43: INFO    : 	ManagerConfiguration.debug.memCtlExtraDebugRegs = false                    [Init: false]
Sun 16:43: INFO    : 	ManagerConfiguration.debug.memMarginingSupport = false                     [Init: false]
Sun 16:43: INFO    : 	ManagerConfiguration.debug.memPhyDebugRegister = NONE                      [Init: NONE]
Sun 16:43: INFO    : 	ManagerConfiguration.debug.memPllLockDebugRegs = true                      [Init: true]
Sun 16:43: INFO    : 	ManagerConfiguration.debug.streamStatus = false                            [Init: false]
Sun 16:43: INFO    : 	ManagerConfiguration.debug.streamStatusChecksums = false                   [Init: false]
Sun 16:43: INFO    : 	ManagerConfiguration.dram.addressGeneratorsInSlowClock = false             [Init: false]
Sun 16:43: INFO    : 	ManagerConfiguration.dram.arbitrationMode = ROUND_ROBIN                    [Init: ROUND_ROBIN]
Sun 16:43: INFO    : 	ManagerConfiguration.dram.burstSize = 8                                    [Init: 8]
Sun 16:43: INFO    : 	ManagerConfiguration.dram.cmdFifoInReg = false                             [Init: false]
Sun 16:43: INFO    : 	ManagerConfiguration.dram.cmdFifoLutRam = false                            [Init: false]
Sun 16:43: INFO    : 	ManagerConfiguration.dram.cmdFifoRegInRam = true                           [Init: true]
Sun 16:43: INFO    : 	ManagerConfiguration.dram.cmdFifoSize = 31                                 [Init: 31]
Sun 16:43: INFO    : 	ManagerConfiguration.dram.commandEchoModeEnabled = false                   [Init: false]
Sun 16:43: INFO    : 	ManagerConfiguration.dram.commandEchoModeFifoDepth = 512                   [Init: 512]
Sun 16:43: INFO    : 	ManagerConfiguration.dram.commandEchoModeStreamAlmostEmptyLatency = 792    [Init: 792]
Sun 16:43: INFO    : 	ManagerConfiguration.dram.commandEchoModeStreamAlmostEmptyLatency = 8      [Init: 8]
Sun 16:43: INFO    : 	ManagerConfiguration.dram.commandEchoModeStreamStallLatency = 8            [Init: 8]
Sun 16:43: INFO    : 	ManagerConfiguration.dram.dataFifoDepth = 512                              [Init: 512]
Sun 16:43: INFO    : 	ManagerConfiguration.dram.dataFifoLutRam = false                           [Init: false]
Sun 16:43: INFO    : 	ManagerConfiguration.dram.dataFifoWidth = 792                              [Init: 792]
Sun 16:43: INFO    : 	ManagerConfiguration.dram.eccMode = true                                   [Init: false, change: true]
Sun 16:43: INFO    : 	ManagerConfiguration.dram.fabricDataFifoReg = true                         [Init: true]
Sun 16:43: INFO    : 	ManagerConfiguration.dram.fabricRdDataFifoReg = false                      [Init: false]
Sun 16:43: INFO    : 	ManagerConfiguration.dram.flagSupport = false                              [Init: false]
Sun 16:43: INFO    : 	ManagerConfiguration.dram.highPrioStream = false                           [Init: false]
Sun 16:43: INFO    : 	ManagerConfiguration.dram.max2CompatMode = false                           [Init: false]
Sun 16:43: INFO    : 	ManagerConfiguration.dram.max4m_GALAVA_MCP_UseRefClk = false               [Init: false]
Sun 16:43: INFO    : 	ManagerConfiguration.dram.max4m_MAIA_MCP_UseRefClk = false                 [Init: false]
Sun 16:43: INFO    : 	ManagerConfiguration.dram.max4qrateMode = false                            [Init: false]
Sun 16:43: INFO    : 	ManagerConfiguration.dram.memCmdIncSize = 8                                [Init: 8]
Sun 16:43: INFO    : 	ManagerConfiguration.dram.memCmdStartAddrSize = 32                         [Init: 32]
Sun 16:43: INFO    : 	ManagerConfiguration.dram.onCardMemFreq = 400.0                            [Init: 0.0, change: 400.0]
Sun 16:43: INFO    : 	ManagerConfiguration.dram.parEccDebugStream = false                        [Init: false]
Sun 16:43: INFO    : 	ManagerConfiguration.dram.parityEccWidth = 72                              [Init: 0, change: 72]
Sun 16:43: INFO    : 	ManagerConfiguration.dram.parityMode = true                                [Init: false, change: true]
Sun 16:43: INFO    : 	ManagerConfiguration.dram.perdqsPhaseDetect = false                        [Init: false]
Sun 16:43: INFO    : 	ManagerConfiguration.dram.performanceMode = true                           [Init: true]
Sun 16:43: INFO    : 	ManagerConfiguration.enableMPCX = false                                    [Init: false, init: false]
Sun 16:43: INFO    : 	ManagerConfiguration.maxring.maxringConnections = []                       [Init: []]
Sun 16:43: INFO    : 	ManagerConfiguration.maxring.maxringNumLanes = {}                          [Init: {}]
Sun 16:43: INFO    : 	ManagerConfiguration.multiCycleMappedMemoryBus = false                     [Init: false]
Sun 16:43: INFO    : 	ManagerConfiguration.network.qsfp0Mode = QSFP_OFF                          [Init: QSFP_OFF]
Sun 16:43: INFO    : 	ManagerConfiguration.network.qsfp1Mode = QSFP_OFF                          [Init: QSFP_OFF]
Sun 16:43: INFO    : 	ManagerConfiguration.network.qsfp2Mode = QSFP_OFF                          [Init: QSFP_OFF]
Sun 16:43: INFO    : 	ManagerConfiguration.network.qsfp3Mode = QSFP_OFF                          [Init: QSFP_OFF]
Sun 16:43: INFO    : 	ManagerConfiguration.network.qsfp4Mode = QSFP_OFF                          [Init: QSFP_OFF]
Sun 16:43: INFO    : 	ManagerConfiguration.network.qsfp5Mode = QSFP_OFF                          [Init: QSFP_OFF]
Sun 16:43: INFO    : 	ManagerConfiguration.network.qsfp6Mode = QSFP_OFF                          [Init: QSFP_OFF]
Sun 16:43: INFO    : 	ManagerConfiguration.network.qsfp7Mode = QSFP_OFF                          [Init: QSFP_OFF]
Sun 16:43: INFO    : 	ManagerConfiguration.pcie.numPCIeLanes = 8                                 [Init: 0, change: 8]
Sun 16:43: INFO    : 	ManagerConfiguration.pcie.pcieFastClock = true                             [Init: false, change: true]
Sun 16:43: INFO    : 	ManagerConfiguration.pcie.streamFromHostMaxNum = 0                         [Init: 0]
Sun 16:43: INFO    : 	ManagerConfiguration.pcie.streamToHostMaxNum = 0                           [Init: 0]
Sun 16:43: INFO    : 	ManagerConfiguration.persona.boardModel = MAX4848A                         [Init: null, change: MAX4848A]
Sun 16:43: INFO    : 	ManagerConfiguration.persona.ddr3Enable = false                            [Init: false]
Sun 16:43: INFO    : 	ManagerConfiguration.persona.ddr3Frq = 400.0                               [Init: 400.0]
Sun 16:43: INFO    : 	ManagerConfiguration.persona.ddr3Qmode = false                             [Init: false]
Sun 16:43: INFO    : 	ManagerConfiguration.persona.disableMultiplePersona = true                 [Init: true]
Sun 16:43: INFO    : 	ManagerConfiguration.persona.dynamic_scaling = false                       [Init: false]
Sun 16:43: INFO    : 	ManagerConfiguration.persona.enableCPLDOverrideOutpus = false              [Init: false]
Sun 16:43: INFO    : 	ManagerConfiguration.persona.enableJDFEPTPTestLogic = false                [Init: false]
Sun 16:43: INFO    : 	ManagerConfiguration.persona.maxRingLocal = false                          [Init: false]
Sun 16:43: INFO    : 	ManagerConfiguration.persona.maxRingOptical = false                        [Init: false]
Sun 16:43: INFO    : 	ManagerConfiguration.persona.maxringDataRate = 2500.0                      [Init: 2500.0]
Sun 16:43: INFO    : 	ManagerConfiguration.persona.maxringOpticalDataRate = 10000.0              [Init: 10000.0]
Sun 16:43: INFO    : 	ManagerConfiguration.persona.mode = InitMode                               [Init: InitMode]
Sun 16:43: INFO    : 	ManagerConfiguration.persona.networkPTP = OFF                              [Init: OFF]
Sun 16:43: INFO    : 	ManagerConfiguration.persona.panMaxRingA = false                           [Init: false]
Sun 16:43: INFO    : 	ManagerConfiguration.persona.panMaxRingB = false                           [Init: false]
Sun 16:43: INFO    : 	ManagerConfiguration.persona.personaInterfaceVersion = 1                   [Init: 1]
Sun 16:43: INFO    : 	ManagerConfiguration.persona.qdr2Enable = false                            [Init: false]
Sun 16:43: INFO    : 	ManagerConfiguration.persona.qdr2Frq = 350.0                               [Init: 350.0]
Sun 16:43: INFO    : 	ManagerConfiguration.persona.streamClks = 1                                [Init: 1]
Sun 16:43: INFO    : 	ManagerConfiguration.persona.streamFrq = [100.0]                           [Init: [150.0], change: [100.0]]
Sun 16:43: INFO    : 	ManagerConfiguration.persona.streamPs = [0]                                [Init: [0]]
Sun 16:43: INFO    : 	ManagerConfiguration.persona.usePCIeGen1 = false                           [Init: false]
Sun 16:43: INFO    : 	ManagerConfiguration.simulation.nativeFloatingPoint = false                [Init: false]
Sun 16:43: INFO    : 	ManagerConfiguration.streamClockFrq = 100                                  [Init: 100]
Sun 16:43: INFO    : 	ManagerConfiguration.useLegacyStreamFIFOs = false                          [Init: false]
Sun 16:43: INFO    : 
Sun 16:43: INFO    :  -- 
Sun 16:43: PROGRESS: 
Sun 16:43: PROGRESS: Compiling kernel "VectorsKernel"
Sun 16:43: INFO    : Configuration:
Sun 16:43: INFO    : 	KernelConfiguration.additionalInputPipelining = 64                                          [Init: 64]
Sun 16:43: INFO    : 	KernelConfiguration.allowDSPCascading = true                                                [Init: true]
Sun 16:43: INFO    : 	KernelConfiguration.allowInputsOutputsBeforeFlushNode = false                               [Init: false]
Sun 16:43: INFO    : 	KernelConfiguration.allowZeroLatencyNodeHold = false                                        [Init: false]
Sun 16:43: INFO    : 	KernelConfiguration.board = MAX4848A                                                        [Init: MAX2116B, change: MAX4848A]
Sun 16:43: INFO    : 	KernelConfiguration.bramBitsThreshold = 2080                                                [Init: 2080]
Sun 16:43: INFO    : 	KernelConfiguration.buildTarget = MAXCOMPILERSIM_HOST_DRIVEN                                [Init: NONE, change: MAXCOMPILERSIM_HOST_DRIVEN]
Sun 16:43: INFO    : 	KernelConfiguration.cePipelining = 2                                                        [Init: 2]
Sun 16:43: INFO    : 	KernelConfiguration.clockPhaseBalanceThreshold = 0.1                                        [Init: 0.1]
Sun 16:43: INFO    : 	KernelConfiguration.clockPhasingRetries = 50                                                [Init: 50]
Sun 16:43: INFO    : 	KernelConfiguration.dumpNeighboursString =                                                  [Init: ]
Sun 16:43: INFO    : 	KernelConfiguration.enableCeReplication = true                                              [Init: true]
Sun 16:43: INFO    : 	KernelConfiguration.enableClockPhasePartitioning = false                                    [Init: false]
Sun 16:43: INFO    : 	KernelConfiguration.enableDebugIOControlRegs = true                                         [Init: true]
Sun 16:43: INFO    : 	KernelConfiguration.enableDummyBuild = false                                                [Init: false]
Sun 16:43: INFO    : 	KernelConfiguration.enableKernelProfiler = false                                            [Init: false]
Sun 16:43: INFO    : 	KernelConfiguration.enablePipelinedComputeController = false                                [Init: false]
Sun 16:43: INFO    : 	KernelConfiguration.enableShadowRegister = false                                            [Init: false]
Sun 16:43: INFO    : 	KernelConfiguration.enableSmartKernelControl = false                                        [Init: false]
Sun 16:43: INFO    : 	KernelConfiguration.fifoSrlRegisterStages = 1                                               [Init: 1]
Sun 16:43: INFO    : 	KernelConfiguration.flushOnInputDataCongtiguous = false                                     [Init: false]
Sun 16:43: INFO    : 	KernelConfiguration.hardwareDebugDepth = 512                                                [Init: 512]
Sun 16:43: INFO    : 	KernelConfiguration.hwHierarchyMode = UNSET                                                 [Init: UNSET]
Sun 16:43: INFO    : 	KernelConfiguration.latencyAnnotation = false                                               [Init: false]
Sun 16:43: INFO    : 	KernelConfiguration.latencyAnnotationIOs =                                                  [Init: null]
Sun 16:43: INFO    : 	KernelConfiguration.maxCoalescedFifoWidth = 2147483647                                      [Init: 2147483647]
Sun 16:43: INFO    : 	KernelConfiguration.maxPreAdderFanOut = 1                                                   [Init: 1]
Sun 16:43: INFO    : 	KernelConfiguration.netlistMode = false                                                     [Init: false]
Sun 16:43: INFO    : 	KernelConfiguration.numPhotonStateMachines = 1                                              [Init: 1]
Sun 16:43: INFO    : 	KernelConfiguration.optimizations.ceCounterRegisterDuplication = 1                          [Init: 1]
Sun 16:43: INFO    : 	KernelConfiguration.optimizations.conditionalArithmetic = true                              [Init: true]
Sun 16:43: INFO    : 	KernelConfiguration.optimizations.counterChainWrapPipelining = 0                            [Init: 0]
Sun 16:43: INFO    : 	KernelConfiguration.optimizations.dspAddChain = OPTIMISE                                    [Init: null, Init after BuildTarget change: OPTIMISE]
Sun 16:43: INFO    : 	KernelConfiguration.optimizations.enableActiveFanoutReduction = false                       [Init: false]
Sun 16:43: INFO    : 	KernelConfiguration.optimizations.enableBUFGCE = false                                      [Init: false]
Sun 16:43: INFO    : 	KernelConfiguration.optimizations.enableBetterInputRegistering = false                      [Init: false]
Sun 16:43: INFO    : 	KernelConfiguration.optimizations.enableBetterRegistering = false                           [Init: false]
Sun 16:43: INFO    : 	KernelConfiguration.optimizations.enableFIFOCoalescingAcrossPlacementConstraints = false    [Init: false]
Sun 16:43: INFO    : 	KernelConfiguration.optimizations.enableFifoCoalescing = true                               [Init: true]
Sun 16:43: INFO    : 	KernelConfiguration.optimizations.enableFullPrecisionBinaryOpConstants = false              [Init: false]
Sun 16:43: INFO    : 	KernelConfiguration.optimizations.enableIntegratedRounding = false                          [Init: false]
Sun 16:43: INFO    : 	KernelConfiguration.optimizations.enableMappedMemoryHostReadBack = true                     [Init: true]
Sun 16:43: INFO    : 	KernelConfiguration.optimizations.enableMultiCycleReset = false                             [Init: false]
Sun 16:43: INFO    : 	KernelConfiguration.optimizations.enablePowerTwoFloatMult = true                            [Init: true]
Sun 16:43: INFO    : 	KernelConfiguration.optimizations.enableRedundantNodeDeletion = true                        [Init: true]
Sun 16:43: INFO    : 	KernelConfiguration.optimizations.enableStateMachineRegisterMerging = true                  [Init: true]
Sun 16:43: INFO    : 	KernelConfiguration.optimizations.inputFlushDistanceFactor = 0                              [Init: 0]
Sun 16:43: INFO    : 	KernelConfiguration.optimizations.minimumStaticFIFOSplitDepth = 1                           [Init: 1]
Sun 16:43: INFO    : 	KernelConfiguration.optimizations.optimizationTechnique = DEFAULT                           [Init: DEFAULT]
Sun 16:43: INFO    : 	KernelConfiguration.optimizations.triAdd = true                                             [Init: true]
Sun 16:43: INFO    : 	KernelConfiguration.partialReconfBlockName =                                                [Init: ]
Sun 16:43: INFO    : 	KernelConfiguration.partialReconfMode = false                                               [Init: false]
Sun 16:43: INFO    : 	KernelConfiguration.partialReconfTemplate = false                                           [Init: false]
Sun 16:43: INFO    : 	KernelConfiguration.replicateNodeCeLog2NumPartitions = 0                                    [Init: 0]
Sun 16:43: INFO    : 	KernelConfiguration.romBRAMBitsThreshold = 2080                                             [Init: 2080]
Sun 16:43: INFO    : 	KernelConfiguration.simulation.ramAddressCollisionBehaviour = EXCEPTION                     [Init: EXCEPTION]
Sun 16:43: INFO    : 	KernelConfiguration.simulation.ramOutOfBoundsAccessBehaviour = EXCEPTION                    [Init: EXCEPTION]
Sun 16:43: INFO    : 	KernelConfiguration.simulation.simProgressMessageFrequency = 0                              [Init: 0]
Sun 16:43: INFO    : 
Sun 16:43: INFO    :  -- 
Sun 16:43: INFO    : Writing current graph to: Vectors-VectorsKernel-original.pxg
Sun 16:43: INFO    : Running kernel graph-pass 'GeneratePXG'.
Sun 16:43: INFO    : Graph-pass 'GeneratePXG' took 143.346 ms (1 iterations)
Sun 16:43: INFO    : Running kernel graph-pass 'MarkConstantPass'.
Sun 16:43: INFO    : Graph-pass 'MarkConstantPass' took 1.91944 ms (1 iterations)
Sun 16:43: INFO    : Running kernel graph-pass 'ReachabilityPass'.
Sun 16:43: INFO    : Graph-pass 'ReachabilityPass' took 3.32365 ms (1 iterations)
Sun 16:43: INFO    : Running kernel graph-pass 'FindInputsLeadingToFlush'.
Sun 16:43: INFO    : Graph-pass 'FindInputsLeadingToFlush' took 107.340 ?s (1 iterations)
Sun 16:43: INFO    : Running kernel graph-pass 'CheckForStatefulToFlushViolations'.
Sun 16:43: INFO    : Graph-pass 'CheckForStatefulToFlushViolations' took 340.993 ?s (1 iterations)
Sun 16:43: INFO    : Running kernel graph-pass 'CheckForInputToFlushViolations'.
Sun 16:43: INFO    : Graph-pass 'CheckForInputToFlushViolations' took 998.277 ?s (1 iterations)
Sun 16:43: INFO    : Not deleting directory (does not exist): neighbours
Sun 16:43: INFO    : Running Photon pre-schedule graph optimisations
Sun 16:43: INFO    : Running kernel graph-pass 'AlignOrEradicatePrintfs'.
Sun 16:43: INFO    : Graph-pass 'AlignOrEradicatePrintfs' took 134.297 ?s (1 iterations)
Sun 16:43: INFO    : Running kernel graph-pass 'FoldConstantsPass'.
Sun 16:43: INFO    : Graph-pass 'FoldConstantsPass' took 827.073 ?s (1 iterations)
Sun 16:43: INFO    : Running kernel graph-pass 'OptimiseNodesPass'.
Sun 16:43: INFO    : Graph-pass 'OptimiseNodesPass' took 8.10372 ms (2 iterations)
Sun 16:43: INFO    : Running kernel graph-pass 'DeleteRedundantNodes'.
Sun 16:43: INFO    : Graph-pass 'DeleteRedundantNodes' took 280.331 ?s (1 iterations)
Sun 16:43: INFO    : Running kernel graph-pass 'AlteraDSPExtractionGraphPass'.
Sun 16:43: INFO    : Optimized 0 sub-graphs into DSP multiply/add chains 
Sun 16:43: INFO    : Graph-pass 'AlteraDSPExtractionGraphPass' took 5.84306 ms (1 iterations)
Sun 16:43: INFO    : Running kernel graph-pass 'TriAddExtractionPass'.
Sun 16:43: INFO    : Graph-pass 'TriAddExtractionPass' took 993.483 ?s (1 iterations)
Sun 16:43: INFO    : Running kernel graph-pass 'ConditionalAddExtractionPass'.
Sun 16:43: INFO    : Optimized 0 sub-graphs into conditional adds/subs/triadds.
Sun 16:43: INFO    : Graph-pass 'ConditionalAddExtractionPass' took 926.927 ?s (1 iterations)
Sun 16:43: INFO    : Running kernel graph-pass 'PO2FPMultOptimiser'.
Sun 16:43: INFO    : Graph-pass 'PO2FPMultOptimiser' took 152.557 ?s (1 iterations)
Sun 16:43: INFO    : Running Photon simulation preparation
Sun 16:43: INFO    : Running kernel graph-pass 'PrepareSimulationPass'.
Sun 16:43: INFO    : Graph-pass 'PrepareSimulationPass' took 190.398 ?s (1 iterations)
Sun 16:43: INFO    : Logging Photon stats to: VectorsKernel_photon_stats.csv
Sun 16:43: INFO    : Running kernel graph-pass 'StatsPass'.
Sun 16:43: INFO    : Graph-pass 'StatsPass' took 2.28788 ms (1 iterations)
Sun 16:43: INFO    : Running kernel graph-pass 'CollectNumericExceptions'.
Sun 16:43: INFO    : Graph-pass 'CollectNumericExceptions' took 125.832 ?s (1 iterations)
Sun 16:43: INFO    : Running kernel graph-pass 'StreamOffsetDivExpand'.
Sun 16:43: INFO    : Graph-pass 'StreamOffsetDivExpand' took 116.623 ?s (1 iterations)
Sun 16:43: INFO    : Running kernel graph-pass 'FindIllegalLoops'.
Sun 16:43: INFO    : Graph-pass 'FindIllegalLoops' took 912.099 ?s (1 iterations)
Sun 16:43: INFO    : Running kernel graph-pass 'MarkConstantPass'.
Sun 16:43: INFO    : Graph-pass 'MarkConstantPass' took 294.433 ?s (1 iterations)
Sun 16:43: INFO    : Running kernel graph-pass 'ScheduleVariables'.
Sun 16:43: INFO    : Graph-pass 'ScheduleVariables' took 3.02144 ms (1 iterations)
Sun 16:43: INFO    : Running kernel graph-pass 'SubstituteEqPlaceholders'.
Sun 16:43: INFO    : Graph-pass 'SubstituteEqPlaceholders' took 97.2310 ?s (1 iterations)
Sun 16:43: INFO    : Running kernel graph-pass 'ScheduleApplier'.
Sun 16:43: INFO    : Graph-pass 'ScheduleApplier' took 1.28376 ms (1 iterations)
Sun 16:43: INFO    : Running kernel graph-pass 'MarkConstantPass'.
Sun 16:43: INFO    : Graph-pass 'MarkConstantPass' took 193.698 ?s (1 iterations)
Sun 16:43: INFO    : Running kernel graph-pass 'ScheduleDumper'.
Sun 16:43: INFO    : Graph-pass 'ScheduleDumper' took 1.55675 ms (1 iterations)
Sun 16:43: INFO    : Running Photon post-schedule graph optimisations (pass 1)
Sun 16:43: INFO    : Running kernel graph-pass 'TapFIFOsPass'.
Sun 16:43: INFO    : Graph-pass 'TapFIFOsPass' took 861.684 ?s (1 iterations)
Sun 16:43: INFO    : Running kernel graph-pass 'FoldFIFOsPass'.
Sun 16:43: INFO    : Graph-pass 'FoldFIFOsPass' took 332.192 ?s (1 iterations)
Sun 16:43: INFO    : Running kernel graph-pass 'MarkConstantPass'.
Sun 16:43: INFO    : Graph-pass 'MarkConstantPass' took 197.231 ?s (1 iterations)
Sun 16:43: INFO    : Running kernel graph-pass 'ValidateFIFOs'.
Sun 16:43: INFO    : Graph-pass 'ValidateFIFOs' took 122.290 ?s (1 iterations)
Sun 16:43: INFO    : Running kernel graph-pass 'MarkConstantPass'.
Sun 16:43: INFO    : Graph-pass 'MarkConstantPass' took 186.107 ?s (1 iterations)
Sun 16:43: INFO    : Running kernel graph-pass 'ScheduleDumper'.
Sun 16:43: INFO    : Graph-pass 'ScheduleDumper' took 1.18400 ms (1 iterations)
Sun 16:43: INFO    : Running kernel graph-pass 'MarkConstantPass'.
Sun 16:43: INFO    : Graph-pass 'MarkConstantPass' took 185.597 ?s (1 iterations)
Sun 16:43: INFO    : Running kernel graph-pass 'ScheduleConstants'.
Sun 16:43: INFO    : Running command: "/opt/maxcompiler//bin/cbc" "VectorsKernel_schedule_C.mps.gz" -threads 4 -solve  -printi csv -solu "VectorsKernel_schedule_C.csv" > "VectorsKernel_schedule_C.stdout.log"
Sun 16:43: INFO    : Optimum found: 539
Sun 16:43: INFO    : Graph-pass 'ScheduleConstants' took 80.0942 ms (1 iterations)
Sun 16:43: INFO    : Running kernel graph-pass 'MarkConstantPass'.
Sun 16:43: INFO    : Graph-pass 'MarkConstantPass' took 352.122 ?s (1 iterations)
Sun 16:43: INFO    : Running kernel graph-pass 'ScheduleDumper'.
Sun 16:43: INFO    : Graph-pass 'ScheduleDumper' took 1.37384 ms (1 iterations)
Sun 16:43: INFO    : Running kernel graph-pass 'SubstituteEqPlaceholders'.
Sun 16:43: INFO    : Graph-pass 'SubstituteEqPlaceholders' took 120.719 ?s (1 iterations)
Sun 16:43: INFO    : Running kernel graph-pass 'RemoveDistMeasurementNodes'.
Sun 16:43: INFO    : Graph-pass 'RemoveDistMeasurementNodes' took 18.7180 ?s (1 iterations)
Sun 16:43: INFO    : Running kernel graph-pass 'ScheduleApplier'.
Sun 16:43: INFO    : Graph-pass 'ScheduleApplier' took 18.0157 ms (1 iterations)
Sun 16:43: INFO    : Maximum stream latency for kernel 'VectorsKernel': 72
Sun 16:43: INFO    : Using user logic for flush.
Sun 16:43: INFO    : Running Photon post-schedule graph optimisations (pass 2)
Sun 16:43: INFO    : Running kernel graph-pass 'TapFIFOsPass'.
Sun 16:43: INFO    : Graph-pass 'TapFIFOsPass' took 11.4144 ms (2 iterations)
Sun 16:43: INFO    : Running kernel graph-pass 'FoldFIFOsPass'.
Sun 16:43: INFO    : Graph-pass 'FoldFIFOsPass' took 508.664 ?s (1 iterations)
Sun 16:43: INFO    : Running kernel graph-pass 'MarkConstantPass'.
Sun 16:43: INFO    : Graph-pass 'MarkConstantPass' took 195.671 ?s (1 iterations)
Sun 16:43: INFO    : Running kernel graph-pass 'ScheduleAsserter'.
Sun 16:43: INFO    : Graph-pass 'ScheduleAsserter' took 558.967 ?s (1 iterations)
Sun 16:43: INFO    : Running kernel graph-pass 'ReplaceEvalStreamOffsetNodes'.
Sun 16:43: INFO    : Graph-pass 'ReplaceEvalStreamOffsetNodes' took 115.974 ?s (1 iterations)
Sun 16:43: INFO    : Running kernel graph-pass 'FIFOReport'.
Sun 16:43: INFO    : Graph-pass 'FIFOReport' took 1.61909 ms (1 iterations)
Sun 16:43: INFO    : Running kernel graph-pass 'StatsPass'.
Sun 16:43: INFO    : Graph-pass 'StatsPass' took 1.65374 ms (1 iterations)
Sun 16:43: INFO    : Running kernel graph-pass 'RemoveUntypedConstants'.
Sun 16:43: INFO    : Graph-pass 'RemoveUntypedConstants' took 21.0955 ms (1 iterations)
Sun 16:43: INFO    : Running kernel graph-pass 'VariableSizeMappedRegInserter'.
Sun 16:43: INFO    : Graph-pass 'VariableSizeMappedRegInserter' took 154.239 ?s (1 iterations)
Sun 16:43: INFO    : Running kernel graph-pass 'MarkConstantPass'.
Sun 16:43: INFO    : Graph-pass 'MarkConstantPass' took 195.548 ?s (1 iterations)
Sun 16:43: INFO    : Running kernel graph-pass 'MakeMaxFileNodeData'.
Sun 16:43: INFO    : Graph-pass 'MakeMaxFileNodeData' took 4.18670 ms (1 iterations)
Sun 16:43: INFO    : Running kernel graph-pass 'MoveFanoutRegsForwards'.
Sun 16:43: INFO    : Graph-pass 'MoveFanoutRegsForwards' took 119.853 ?s (1 iterations)
Sun 16:43: INFO    : Optimization report for Kernel 'VectorsKernel'.
Sun 16:43: INFO    : Enabled optimizations:
Sun 16:43: INFO    : 	DSP-MultAdd
Sun 16:43: INFO    : 	Tri-Adder
Sun 16:43: INFO    : 	Conditional (Tri)Adds/Subs/AddSubs
Sun 16:43: INFO    : 	Power-of-2 Floating Point
Sun 16:43: INFO    : Creating a preliminary MaxCompilerDesignData.dat. (@ CoreCompile VectorsKernel)
Sun 16:43: INFO    : Total compilation of 'VectorsKernel' took 511.184 ms.
Sun 16:43: INFO    : Running kernel graph-pass 'MarkConstantPass'.
Sun 16:43: INFO    : Graph-pass 'MarkConstantPass' took 204.806 ?s (1 iterations)
Sun 16:43: INFO    : Running kernel graph-pass 'MaxConstantLatency'.
Sun 16:43: INFO    : Graph-pass 'MaxConstantLatency' took 766.140 ?s (1 iterations)
Sun 16:43: INFO    : Running kernel graph-pass 'SimCodeGraphPass'.
Sun 16:43: INFO    : Graph-pass 'SimCodeGraphPass' took 15.5568 ms (1 iterations)
Sun 16:43: INFO    : Writing current graph to: Vectors-VectorsKernel-final-simulation.pxg
Sun 16:43: INFO    : Running kernel graph-pass 'GeneratePXG'.
Sun 16:43: INFO    : Graph-pass 'GeneratePXG' took 35.3410 ms (1 iterations)
Sun 16:43: INFO    : Running manager compiler graph-pass: GenerateMXGInfo
Sun 16:43: INFO    : Running manager compiler graph-pass: ScheduleStallLatency
Sun 16:43: INFO    : Running manager compiler graph-pass: ClockWidthAssignment
Sun 16:43: INFO    : Running manager compiler graph-pass: InsertDualAspectLogic
Sun 16:43: INFO    : Running manager compiler graph-pass: ClockWidthAssignment
Sun 16:43: INFO    : Running manager compiler graph-pass: InsertPullPushAdapter
Sun 16:43: INFO    : Running manager compiler graph-pass: ClockWidthAssignment
Sun 16:43: INFO    : Running manager compiler graph-pass: InsertStreamFifos
Sun 16:43: INFO    : Running manager compiler graph-pass: ClockWidthAssignment
Sun 16:43: INFO    : Running manager compiler graph-pass: InsertStreamStatus
Sun 16:43: INFO    : Running manager compiler graph-pass: InsertChipscope
Sun 16:43: INFO    : Inserted 0 chipscope manager nodes.
Sun 16:43: INFO    : Running manager compiler graph-pass: ClockWidthAssignment
Sun 16:43: INFO    : Running manager compiler graph-pass: ReportClockAssignments
Sun 16:43: INFO    : Running manager compiler graph-pass: BuildSoftwareSim
Sun 16:43: INFO    : Mapped register report:
Sun 16:43: INFO    : 	0	io_x_force_disabled	1bytes
Sun 16:43: INFO    : 	1	N	8bytes
Sun 16:43: INFO    : 	9	io_z_force_disabled	1bytes
Sun 16:43: INFO    : 	a	run_cycle_count	6bytes
Sun 16:43: INFO    : 	10	current_run_cycle_count	6bytes
Sun 16:43: INFO    : 	16	dbg_ctld_almost_empty	1bytes
Sun 16:43: INFO    : 	17	dbg_ctld_done	1bytes
Sun 16:43: INFO    : 	18	dbg_ctld_empty	1bytes
Sun 16:43: INFO    : 	19	dbg_ctld_read	1bytes
Sun 16:43: INFO    : 	1a	dbg_ctld_read_pipe_dbg	1bytes
Sun 16:43: INFO    : 	1b	dbg_ctld_request	1bytes
Sun 16:43: INFO    : 	1c	dbg_done_out	1bytes
Sun 16:43: INFO    : 	1d	dbg_fill_level	1bytes
Sun 16:43: INFO    : 	1e	dbg_flush_level	1bytes
Sun 16:43: INFO    : 	1f	dbg_flush_start	1bytes
Sun 16:43: INFO    : 	20	dbg_flush_start_level	1bytes
Sun 16:43: INFO    : 	21	dbg_flushing	1bytes
Sun 16:43: INFO    : 	22	dbg_full_level	1bytes
Sun 16:43: INFO    : 	23	dbg_out_stall	1bytes
Sun 16:43: INFO    : 	24	dbg_out_valid	1bytes
Sun 16:43: INFO    : 	25	dbg_stall_vector	1bytes
Sun 16:43: INFO    : 	26	ifpga_ctrl	1bytes
Sun 16:43: INFO    : 	27	SFA_FORWARD_EN	4bytes
Sun 16:43: INFO    : Mapped register chain length = 43
Sun 16:43: INFO    : Mapped register efficiency = 0.71 (244 / 344 bits)
Sun 16:43: INFO    : Mapped memory report:
Sun 16:43: INFO    : 	No mapped memories in this design.
Sun 16:43: INFO    : Running manager compiler graph-pass: GenerateMXGInfo
Sun 16:43: INFO    : Running manager compiler graph-pass: GenerateSlicHostCode
Sun 16:43: INFO    : Generating SLIC interface information
Sun 16:43: INFO    : Generating SLIC code for interface 'default'
Sun 16:43: INFO    : Skipping blacklisted scalar parameter 'VectorsKernel.current_run_cycle_count'
Sun 16:43: INFO    : Interface 'default' depends on parameter 'N'
Sun 16:43: INFO    : Generating XML description for Maxfile
Sun 16:43: INFO    : Generating XML description for mode 'default'
Sun 16:43: INFO    : Skipping blacklisted scalar parameter 'VectorsKernel.current_run_cycle_count'
Sun 16:43: INFO    : Interface 'default' depends on parameter 'N'
Sun 16:43: INFO    : Adding SLIC sections to the maxfile
Sun 16:43: INFO    : Adding user files to the maxfile
Sun 16:43: INFO    : Generating SLIC include file
Sun 16:43: INFO    : Done generating SLIC interface information
Sun 16:43: PROGRESS: Running back-end simulation build (3 phases)
Sun 16:43: PROGRESS: (1/3) - Prepare MaxFile Data (GenerateMaxFileDataFile)
Sun 16:43: INFO    : Build pass 'GenerateMaxFileDataFile' took 17.2808 ms.
Sun 16:43: PROGRESS: (2/3) - Compile Simulation Modules (SimCompilePass)
Sun 16:43: INFO    : Running command: make -j2
Sun 16:43: INFO    : In file included from max_msi.cpp:19:
Sun 16:43: INFO    : /tmp/Vectors_MAIA_DFE_SIM/scratch/software-sim/build/MaxFile.h:4:9: warning: '_QUOTE' macro redefined [-Wmacro-redefined]
Sun 16:43: INFO    : #define _QUOTE(what) #what
Sun 16:43: INFO    :         ^
Sun 16:43: INFO    : /opt/maxcompiler//lib/maxeleros-sim/include/maxrt_error.h:87:9: note: previous definition is here
Sun 16:43: INFO    : #define _QUOTE(x) #x
Sun 16:43: INFO    :         ^
Sun 16:43: INFO    : 1 warning generated.
Sun 16:43: INFO    : Build pass 'SimCompilePass' took 7.62446 s.
Sun 16:43: PROGRESS: (3/3) - Generate MaxFile (AddSimObjectToMaxFilePass)
Sun 16:43: INFO    : Build pass 'AddSimObjectToMaxFilePass' took 239.022 ms.
Sun 16:43: INFO    : Final result files after build: 
Sun 16:43: INFO    : Running command: ln -sf "../scratch/Vectors-VectorsKernel-original.pxg"
Sun 16:43: INFO    : Vectors-VectorsKernel-original.pxg (BuildFilePXG)
Sun 16:43: INFO    : Running command: ln -sf "../scratch/VectorsKernel_Configuration.txt"
Sun 16:43: INFO    : VectorsKernel_Configuration.txt (BuildFile)
Sun 16:43: INFO    : Running command: ln -sf "../scratch/VectorsKernel_NodeDiary.txt"
Sun 16:43: INFO    : VectorsKernel_NodeDiary.txt (BuildFile)
Sun 16:43: INFO    : Running command: ln -sf "../scratch/Vectors-VectorsKernel-final-simulation.pxg"
Sun 16:43: INFO    : Vectors-VectorsKernel-final-simulation.pxg (BuildFilePXG)
Sun 16:43: INFO    : Running command: ln -sf "../scratch/Vectors.xml"
Sun 16:43: INFO    : Vectors.xml (BuildFile)
Sun 16:43: INFO    : Running command: ln -sf "../scratch/Vectors.h"
Sun 16:43: INFO    : Vectors.h (BuildFileSlicH)
Sun 16:43: INFO    : Running command: ln -sf "../scratch/Vectors.max"
Sun 16:43: INFO    : Vectors.max (BuildFileMaxFile)
Sun 16:43: INFO    : Result files will be copied to '/home/ml12152/WebIDE-Projects/MovingAverage/CPUCode/results'
Sun 16:43: INFO    : Creating directory '/home/ml12152/WebIDE-Projects/MovingAverage/CPUCode/results'
Sun 16:43: INFO    : Copying result 'Vectors-VectorsKernel-original.pxg' to '/home/ml12152/WebIDE-Projects/MovingAverage/CPUCode/results/Vectors-VectorsKernel-original.pxg'
Sun 16:43: INFO    : Running command: cp -rf "/tmp/Vectors_MAIA_DFE_SIM/scratch/Vectors-VectorsKernel-original.pxg" "/home/ml12152/WebIDE-Projects/MovingAverage/CPUCode/results/Vectors-VectorsKernel-original.pxg"
Sun 16:43: INFO    : Copying result 'Vectors-VectorsKernel-final-simulation.pxg' to '/home/ml12152/WebIDE-Projects/MovingAverage/CPUCode/results/Vectors-VectorsKernel-final-simulation.pxg'
Sun 16:43: INFO    : Running command: cp -rf "/tmp/Vectors_MAIA_DFE_SIM/scratch/Vectors-VectorsKernel-final-simulation.pxg" "/home/ml12152/WebIDE-Projects/MovingAverage/CPUCode/results/Vectors-VectorsKernel-final-simulation.pxg"
Sun 16:43: INFO    : Copying result 'Vectors.h' to '/home/ml12152/WebIDE-Projects/MovingAverage/CPUCode/results/Vectors.h'
Sun 16:43: INFO    : Running command: cp -rf "/tmp/Vectors_MAIA_DFE_SIM/scratch/Vectors.h" "/home/ml12152/WebIDE-Projects/MovingAverage/CPUCode/results/Vectors.h"
Sun 16:43: INFO    : Copying result 'Vectors.max' to '/home/ml12152/WebIDE-Projects/MovingAverage/CPUCode/results/Vectors.max'
Sun 16:43: INFO    : Running command: cp -rf "/tmp/Vectors_MAIA_DFE_SIM/scratch/Vectors.max" "/home/ml12152/WebIDE-Projects/MovingAverage/CPUCode/results/Vectors.max"
Sun 16:43: PROGRESS: MaxFile: /tmp/Vectors_MAIA_DFE_SIM/results/Vectors.max (MD5Sum: 1348e5e0fa29c6eb33158f091705664c)
Sun 16:43: INFO    : Waiting for any outstanding jobs to finish... 
Sun 16:43: PROGRESS: Build completed: Sun Dec 20 16:43:15 UTC 2020 (took 9 secs)
